[INFO] Scanning for projects...
[INFO] 
[INFO] ----------< 9d86053c-c394-4e52-b33c-029e02b59822:common-bom >-----------
[INFO] Building common-bom 1.0.0
[INFO]   from pom.xml
[INFO] --------------------------------[ pom ]---------------------------------
[INFO] 
[INFO] --- clean:3.2.0:clean (default-clean) @ common-bom ---
[INFO] 
[INFO] --- install:3.1.1:install (default-install) @ common-bom ---
[INFO] Installing C:\Users\leonel.d.porto\Desktop\Workspace\mule-parent-bom\bom\pom.xml to C:\Users\leonel.d.porto\.m2\repository\9d86053c-c394-4e52-b33c-029e02b59822\common-bom\1.0.0\common-bom-1.0.0.pom
[INFO] 
[INFO] --- deploy:3.1.1:deploy (default-deploy) @ common-bom ---
[INFO] Uploading to Repository: https://maven.anypoint.mulesoft.com/api/v2/organizations/9d86053c-c394-4e52-b33c-029e02b59822/maven/9d86053c-c394-4e52-b33c-029e02b59822/common-bom/1.0.0/common-bom-1.0.0.pom
[INFO] ------------------------------------------------------------------------
[INFO] BUILD FAILURE
[INFO] ------------------------------------------------------------------------
[INFO] Total time:  1.330 s
[INFO] Finished at: 2025-08-07T22:44:20-03:00
[INFO] ------------------------------------------------------------------------
[ERROR] Failed to execute goal org.apache.maven.plugins:maven-deploy-plugin:3.1.1:deploy (default-deploy) on project common-bom: Failed to deploy artifacts: Could not transfer artifact 9d86053c-c394-4e52-b33c-029e02b59822:common-bom:pom:1.0.0 from/to Repository (https://maven.anypoint.mulesoft.com/api/v2/organizations/9d86053c-c394-4e52-b33c-029e02b59822/maven): Software caused connection abort: recv failed -> [Help 1]
[ERROR] 
[ERROR] To see the full stack trace of the errors, re-run Maven with the -e switch.
[ERROR] Re-run Maven using the -X switch to enable full debug logging.
[ERROR] 
[ERROR] For more information about the errors and possible solutions, please read the following articles:
[ERROR] [Help 1] http://cwiki.apache.org/confluence/display/MAVEN/MojoExecutionException
