[INFO] Scanning for projects...
[INFO] 
[INFO] -------< 9d86053c-c394-4e52-b33c-029e02b59822:common-pom-parent >-------
[INFO] Building common-pom-parent 1.0.0
[INFO]   from pom.xml
[INFO] --------------------------------[ pom ]---------------------------------
[INFO] 
[INFO] --- clean:3.2.0:clean (default-clean) @ common-pom-parent ---
[INFO] 
[INFO] --- install:3.1.1:install (default-install) @ common-pom-parent ---
[INFO] Installing C:\Users\leonel.d.porto\Desktop\Workspace\mule-parent-bom\parent-pom\pom.xml to C:\Users\leonel.d.porto\.m2\repository\9d86053c-c394-4e52-b33c-029e02b59822\common-pom-parent\1.0.0\common-pom-parent-1.0.0.pom
[INFO] 
[INFO] --- deploy:3.1.1:deploy (default-deploy) @ common-pom-parent ---
[INFO] Uploading to Repository: https://maven.anypoint.mulesoft.com/api/v2/organizations/9d86053c-c394-4e52-b33c-029e02b59822/maven/9d86053c-c394-4e52-b33c-029e02b59822/common-pom-parent/1.0.0/common-pom-parent-1.0.0.pom
[INFO] Uploaded to Repository: https://maven.anypoint.mulesoft.com/api/v2/organizations/9d86053c-c394-4e52-b33c-029e02b59822/maven/9d86053c-c394-4e52-b33c-029e02b59822/common-pom-parent/1.0.0/common-pom-parent-1.0.0.pom (13 kB at 6.2 kB/s)
[INFO] Downloading from Repository: https://maven.anypoint.mulesoft.com/api/v2/organizations/9d86053c-c394-4e52-b33c-029e02b59822/maven/9d86053c-c394-4e52-b33c-029e02b59822/common-pom-parent/maven-metadata.xml
[INFO] Uploading to Repository: https://maven.anypoint.mulesoft.com/api/v2/organizations/9d86053c-c394-4e52-b33c-029e02b59822/maven/9d86053c-c394-4e52-b33c-029e02b59822/common-pom-parent/maven-metadata.xml
[INFO] Uploaded to Repository: https://maven.anypoint.mulesoft.com/api/v2/organizations/9d86053c-c394-4e52-b33c-029e02b59822/maven/9d86053c-c394-4e52-b33c-029e02b59822/common-pom-parent/maven-metadata.xml (333 B at 395 B/s)
[INFO] ------------------------------------------------------------------------
[INFO] BUILD SUCCESS
[INFO] ------------------------------------------------------------------------
[INFO] Total time:  4.143 s
[INFO] Finished at: 2025-08-07T22:44:52-03:00
[INFO] ------------------------------------------------------------------------
